2019-05-07 14:13:43.755 [localhost-startStop-1] INFO  eu.hopu.activage.Initializer - Initializing maintenance panel
2019-05-07 14:13:44.773 [localhost-startStop-1] WARN  eu.hopu.activage.persistence.PostgresStorage - Cannot connect to database. Waiting for database to connect...
2019-05-07 14:13:49.775 [localhost-startStop-1] WARN  eu.hopu.activage.persistence.PostgresStorage - Cannot connect to database. Waiting for database to connect...
2019-05-07 14:13:54.780 [localhost-startStop-1] WARN  eu.hopu.activage.persistence.PostgresStorage - Cannot connect to database. Waiting for database to connect...
2019-05-07 14:13:59.782 [localhost-startStop-1] WARN  eu.hopu.activage.persistence.PostgresStorage - Cannot connect to database. Waiting for database to connect...
2019-05-07 14:14:04.783 [localhost-startStop-1] WARN  eu.hopu.activage.persistence.PostgresStorage - Cannot connect to database. Waiting for database to connect...
2019-05-07 14:14:09.785 [localhost-startStop-1] WARN  eu.hopu.activage.persistence.PostgresStorage - Cannot connect to database. Waiting for database to connect...
2019-05-07 14:14:14.788 [localhost-startStop-1] WARN  eu.hopu.activage.persistence.PostgresStorage - Cannot connect to database. Waiting for database to connect...
2019-05-07 14:14:19.791 [localhost-startStop-1] WARN  eu.hopu.activage.persistence.PostgresStorage - Cannot connect to database. Waiting for database to connect...
2019-05-07 14:14:24.793 [localhost-startStop-1] WARN  eu.hopu.activage.persistence.PostgresStorage - Cannot connect to database. Waiting for database to connect...
2019-05-07 14:14:29.795 [localhost-startStop-1] WARN  eu.hopu.activage.persistence.PostgresStorage - Cannot connect to database. Waiting for database to connect...
2019-05-07 14:14:34.796 [localhost-startStop-1] WARN  eu.hopu.activage.persistence.PostgresStorage - Cannot connect to database. Waiting for database to connect...
2019-05-07 14:14:39.798 [localhost-startStop-1] WARN  eu.hopu.activage.persistence.PostgresStorage - Cannot connect to database. Waiting for database to connect...
2019-05-07 14:14:44.800 [localhost-startStop-1] WARN  eu.hopu.activage.persistence.PostgresStorage - Cannot connect to database. Waiting for database to connect...
2019-05-07 14:14:49.801 [localhost-startStop-1] WARN  eu.hopu.activage.persistence.PostgresStorage - Cannot connect to database. Waiting for database to connect...
2019-05-07 14:14:54.805 [localhost-startStop-1] WARN  eu.hopu.activage.persistence.PostgresStorage - Cannot connect to database. Waiting for database to connect...
2019-05-07 14:14:59.806 [localhost-startStop-1] WARN  eu.hopu.activage.persistence.PostgresStorage - Cannot connect to database. Waiting for database to connect...
2019-05-07 14:15:04.808 [localhost-startStop-1] WARN  eu.hopu.activage.persistence.PostgresStorage - Cannot connect to database. Waiting for database to connect...
2019-05-07 14:15:09.810 [localhost-startStop-1] WARN  eu.hopu.activage.persistence.PostgresStorage - Cannot connect to database. Waiting for database to connect...
2019-05-07 14:15:14.812 [localhost-startStop-1] WARN  eu.hopu.activage.persistence.PostgresStorage - Cannot connect to database. Waiting for database to connect...
2019-05-07 14:15:19.813 [localhost-startStop-1] WARN  eu.hopu.activage.persistence.PostgresStorage - Cannot connect to database. Waiting for database to connect...
2019-05-07 14:15:24.890 [localhost-startStop-1] WARN  eu.hopu.activage.persistence.PostgresStorage - Cannot connect to database. Waiting for database to connect...
2019-05-07 14:15:29.893 [localhost-startStop-1] WARN  eu.hopu.activage.persistence.PostgresStorage - Cannot connect to database. Waiting for database to connect...
2019-05-07 14:15:34.896 [localhost-startStop-1] WARN  eu.hopu.activage.persistence.PostgresStorage - Cannot connect to database. Waiting for database to connect...
2019-05-07 14:15:39.900 [localhost-startStop-1] WARN  eu.hopu.activage.persistence.PostgresStorage - Cannot connect to database. Waiting for database to connect...
2019-05-07 14:15:44.906 [localhost-startStop-1] WARN  eu.hopu.activage.persistence.PostgresStorage - Cannot connect to database. Waiting for database to connect...
2019-05-07 14:15:49.907 [localhost-startStop-1] WARN  eu.hopu.activage.persistence.PostgresStorage - Cannot connect to database. Waiting for database to connect...
2019-05-07 14:15:54.908 [localhost-startStop-1] WARN  eu.hopu.activage.persistence.PostgresStorage - Cannot connect to database. Waiting for database to connect...
2019-05-07 14:15:59.909 [localhost-startStop-1] WARN  eu.hopu.activage.persistence.PostgresStorage - Cannot connect to database. Waiting for database to connect...
2019-05-07 14:16:04.914 [localhost-startStop-1] WARN  eu.hopu.activage.persistence.PostgresStorage - Cannot connect to database. Waiting for database to connect...
2019-05-07 14:16:09.916 [localhost-startStop-1] WARN  eu.hopu.activage.persistence.PostgresStorage - Cannot connect to database. Waiting for database to connect...
2019-05-07 14:16:14.918 [localhost-startStop-1] WARN  eu.hopu.activage.persistence.PostgresStorage - Cannot connect to database. Waiting for database to connect...
2019-05-07 14:16:19.922 [localhost-startStop-1] WARN  eu.hopu.activage.persistence.PostgresStorage - Cannot connect to database. Waiting for database to connect...
2019-05-07 14:16:24.924 [localhost-startStop-1] WARN  eu.hopu.activage.persistence.PostgresStorage - Cannot connect to database. Waiting for database to connect...
2019-05-07 14:16:29.928 [localhost-startStop-1] WARN  eu.hopu.activage.persistence.PostgresStorage - Cannot connect to database. Waiting for database to connect...
2019-05-07 14:16:34.931 [localhost-startStop-1] WARN  eu.hopu.activage.persistence.PostgresStorage - Cannot connect to database. Waiting for database to connect...
2019-05-07 14:16:39.933 [localhost-startStop-1] WARN  eu.hopu.activage.persistence.PostgresStorage - Cannot connect to database. Waiting for database to connect...
2019-05-07 14:17:54.289 [localhost-startStop-1] INFO  eu.hopu.activage.Initializer - Initializing maintenance panel
2019-05-07 14:17:54.858 [localhost-startStop-1] INFO  eu.hopu.activage.persistence.PostgresStorage - Database connection established
2019-05-07 14:17:54.931 [localhost-startStop-1] INFO  eu.hopu.activage.Initializer - Maintenance panel initialized
2019-05-07 14:18:13.237 [http-bio-8003-exec-1] INFO  eu.hopu.activage.servlets.RecordServlet - List records by element with id → deployment4
2019-05-07 14:18:13.260 [http-bio-8003-exec-1] INFO  eu.hopu.activage.services.MaintenancePanelServiceImpl - Retrieving records → deployment4
2019-05-07 14:18:13.639 [http-bio-8003-exec-1] DEBUG eu.hopu.activage.services.MaintenancePanelServiceImpl - Records retrieved → [Record{id='10', elementId='deployment4', description='sdfghsgfdsfg', recordStatus=RecordStatus{status='completed'}, recordType=RecordType{type='note'}, timestamp=Mon May 06 15:16:22 CEST 2019}]
2019-05-07 14:18:13.640 [http-bio-8003-exec-1] DEBUG eu.hopu.activage.servlets.RecordServlet - Records retrieved → [RecordDto{id='10', elementId='deployment4', description='sdfghsgfdsfg', status='completed', type='note', timestamp='1557148582875'}]
2019-05-07 14:18:16.240 [http-bio-8003-exec-2] INFO  eu.hopu.activage.servlets.RecordServlet - List records by element with id → Device1_2
2019-05-07 14:18:16.241 [http-bio-8003-exec-2] INFO  eu.hopu.activage.services.MaintenancePanelServiceImpl - Retrieving records → Device1_2
2019-05-07 14:18:16.251 [http-bio-8003-exec-2] DEBUG eu.hopu.activage.services.MaintenancePanelServiceImpl - Records retrieved → []
2019-05-07 14:18:16.252 [http-bio-8003-exec-2] DEBUG eu.hopu.activage.servlets.RecordServlet - Records retrieved → []
2019-05-07 14:18:19.333 [http-bio-8003-exec-3] INFO  eu.hopu.activage.servlets.RecordServlet - List records by element with id → deployment1
2019-05-07 14:18:19.335 [http-bio-8003-exec-3] INFO  eu.hopu.activage.services.MaintenancePanelServiceImpl - Retrieving records → deployment1
2019-05-07 14:18:19.365 [http-bio-8003-exec-3] DEBUG eu.hopu.activage.services.MaintenancePanelServiceImpl - Records retrieved → [Record{id='4', elementId='deployment1', description='prueba3 updated', recordStatus=RecordStatus{status='pending'}, recordType=RecordType{type='note'}, timestamp=Mon May 06 12:39:24 CEST 2019}, Record{id='8', elementId='deployment1', description='asdsdf', recordStatus=RecordStatus{status='pending'}, recordType=RecordType{type='issue'}, timestamp=Mon May 06 15:15:18 CEST 2019}, Record{id='9', elementId='deployment1', description='asdsdfasf', recordStatus=RecordStatus{status='completed'}, recordType=RecordType{type='note'}, timestamp=Mon May 06 15:15:26 CEST 2019}]
2019-05-07 14:18:19.366 [http-bio-8003-exec-3] DEBUG eu.hopu.activage.servlets.RecordServlet - Records retrieved → [RecordDto{id='4', elementId='deployment1', description='prueba3 updated', status='pending', type='note', timestamp='1557139164307'}, RecordDto{id='8', elementId='deployment1', description='asdsdf', status='pending', type='issue', timestamp='1557148518443'}, RecordDto{id='9', elementId='deployment1', description='asdsdfasf', status='completed', type='note', timestamp='1557148526917'}]
2019-05-07 14:18:20.977 [http-bio-8003-exec-4] INFO  eu.hopu.activage.servlets.RecordServlet - List records by element with id → deployment2
2019-05-07 14:18:20.979 [http-bio-8003-exec-4] INFO  eu.hopu.activage.services.MaintenancePanelServiceImpl - Retrieving records → deployment2
2019-05-07 14:18:21.003 [http-bio-8003-exec-4] DEBUG eu.hopu.activage.services.MaintenancePanelServiceImpl - Records retrieved → [Record{id='11', elementId='deployment2', description='hgjfk', recordStatus=RecordStatus{status='pending'}, recordType=RecordType{type='note'}, timestamp=Mon May 06 15:16:31 CEST 2019}]
2019-05-07 14:18:21.004 [http-bio-8003-exec-4] DEBUG eu.hopu.activage.servlets.RecordServlet - Records retrieved → [RecordDto{id='11', elementId='deployment2', description='hgjfk', status='pending', type='note', timestamp='1557148591002'}]
2019-05-07 14:18:21.853 [http-bio-8003-exec-5] INFO  eu.hopu.activage.servlets.RecordServlet - List records by element with id → deployment4
2019-05-07 14:18:21.854 [http-bio-8003-exec-5] INFO  eu.hopu.activage.services.MaintenancePanelServiceImpl - Retrieving records → deployment4
2019-05-07 14:18:21.877 [http-bio-8003-exec-5] DEBUG eu.hopu.activage.services.MaintenancePanelServiceImpl - Records retrieved → [Record{id='10', elementId='deployment4', description='sdfghsgfdsfg', recordStatus=RecordStatus{status='completed'}, recordType=RecordType{type='note'}, timestamp=Mon May 06 15:16:22 CEST 2019}]
2019-05-07 14:18:21.878 [http-bio-8003-exec-5] DEBUG eu.hopu.activage.servlets.RecordServlet - Records retrieved → [RecordDto{id='10', elementId='deployment4', description='sdfghsgfdsfg', status='completed', type='note', timestamp='1557148582875'}]
2019-05-07 14:18:22.970 [http-bio-8003-exec-6] INFO  eu.hopu.activage.servlets.RecordServlet - List records by element with id → 1_1
2019-05-07 14:18:22.971 [http-bio-8003-exec-6] INFO  eu.hopu.activage.services.MaintenancePanelServiceImpl - Retrieving records → 1_1
2019-05-07 14:18:22.987 [http-bio-8003-exec-6] DEBUG eu.hopu.activage.services.MaintenancePanelServiceImpl - Records retrieved → []
2019-05-07 14:18:22.989 [http-bio-8003-exec-6] DEBUG eu.hopu.activage.servlets.RecordServlet - Records retrieved → []
2019-05-07 14:18:23.663 [http-bio-8003-exec-7] INFO  eu.hopu.activage.servlets.RecordServlet - List records by element with id → Device1_2
2019-05-07 14:18:23.665 [http-bio-8003-exec-7] INFO  eu.hopu.activage.services.MaintenancePanelServiceImpl - Retrieving records → Device1_2
2019-05-07 14:18:23.687 [http-bio-8003-exec-7] DEBUG eu.hopu.activage.services.MaintenancePanelServiceImpl - Records retrieved → []
2019-05-07 14:18:23.688 [http-bio-8003-exec-7] DEBUG eu.hopu.activage.servlets.RecordServlet - Records retrieved → []
2019-05-07 14:18:24.561 [http-bio-8003-exec-8] INFO  eu.hopu.activage.servlets.RecordServlet - List records by element with id → deployment4
2019-05-07 14:18:24.562 [http-bio-8003-exec-8] INFO  eu.hopu.activage.services.MaintenancePanelServiceImpl - Retrieving records → deployment4
2019-05-07 14:18:24.578 [http-bio-8003-exec-8] DEBUG eu.hopu.activage.services.MaintenancePanelServiceImpl - Records retrieved → [Record{id='10', elementId='deployment4', description='sdfghsgfdsfg', recordStatus=RecordStatus{status='completed'}, recordType=RecordType{type='note'}, timestamp=Mon May 06 15:16:22 CEST 2019}]
2019-05-07 14:18:24.579 [http-bio-8003-exec-8] DEBUG eu.hopu.activage.servlets.RecordServlet - Records retrieved → [RecordDto{id='10', elementId='deployment4', description='sdfghsgfdsfg', status='completed', type='note', timestamp='1557148582875'}]
2019-05-07 14:18:25.205 [http-bio-8003-exec-9] INFO  eu.hopu.activage.servlets.RecordServlet - List records by element with id → 1_1
2019-05-07 14:18:25.225 [http-bio-8003-exec-9] INFO  eu.hopu.activage.services.MaintenancePanelServiceImpl - Retrieving records → 1_1
2019-05-07 14:18:25.248 [http-bio-8003-exec-9] DEBUG eu.hopu.activage.services.MaintenancePanelServiceImpl - Records retrieved → []
2019-05-07 14:18:25.258 [http-bio-8003-exec-9] DEBUG eu.hopu.activage.servlets.RecordServlet - Records retrieved → []
2019-05-07 14:18:26.250 [http-bio-8003-exec-10] INFO  eu.hopu.activage.servlets.RecordServlet - List records by element with id → Device1_2
2019-05-07 14:18:26.278 [http-bio-8003-exec-10] INFO  eu.hopu.activage.services.MaintenancePanelServiceImpl - Retrieving records → Device1_2
2019-05-07 14:18:26.296 [http-bio-8003-exec-10] DEBUG eu.hopu.activage.services.MaintenancePanelServiceImpl - Records retrieved → []
2019-05-07 14:18:26.301 [http-bio-8003-exec-10] DEBUG eu.hopu.activage.servlets.RecordServlet - Records retrieved → []
2019-05-07 14:18:32.093 [http-bio-8003-exec-1] INFO  eu.hopu.activage.servlets.RecordServlet - List records by element with id → Device1_3
2019-05-07 14:18:32.093 [http-bio-8003-exec-1] INFO  eu.hopu.activage.services.MaintenancePanelServiceImpl - Retrieving records → Device1_3
2019-05-07 14:18:32.109 [http-bio-8003-exec-1] DEBUG eu.hopu.activage.services.MaintenancePanelServiceImpl - Records retrieved → []
2019-05-07 14:18:32.109 [http-bio-8003-exec-1] DEBUG eu.hopu.activage.servlets.RecordServlet - Records retrieved → []
2019-05-07 16:37:55.045 [localhost-startStop-1] INFO  eu.hopu.activage.Initializer - Initializing maintenance panel
2019-05-07 16:37:56.271 [localhost-startStop-1] INFO  eu.hopu.activage.persistence.PostgresStorage - Database connection established
2019-05-07 16:37:56.386 [localhost-startStop-1] INFO  eu.hopu.activage.Initializer - Maintenance panel initialized
2019-05-07 16:37:58.828 [http-bio-8003-exec-2] INFO  eu.hopu.activage.servlets.RecordServlet - List records by element with id → deployment1
2019-05-07 16:37:58.828 [http-bio-8003-exec-1] INFO  eu.hopu.activage.servlets.RecordServlet - List records by element with id → deployment1
2019-05-07 16:37:58.830 [http-bio-8003-exec-1] INFO  eu.hopu.activage.services.MaintenancePanelServiceImpl - Retrieving records → deployment1
2019-05-07 16:37:58.830 [http-bio-8003-exec-2] INFO  eu.hopu.activage.services.MaintenancePanelServiceImpl - Retrieving records → deployment1
2019-05-07 16:37:59.275 [http-bio-8003-exec-1] DEBUG eu.hopu.activage.services.MaintenancePanelServiceImpl - Records retrieved → [Record{id='4', elementId='deployment1', description='prueba3 updated', recordStatus=RecordStatus{status='pending'}, recordType=RecordType{type='note'}, timestamp=Mon May 06 12:39:24 CEST 2019}, Record{id='8', elementId='deployment1', description='asdsdf', recordStatus=RecordStatus{status='pending'}, recordType=RecordType{type='issue'}, timestamp=Mon May 06 15:15:18 CEST 2019}, Record{id='9', elementId='deployment1', description='asdsdfasf', recordStatus=RecordStatus{status='completed'}, recordType=RecordType{type='note'}, timestamp=Mon May 06 15:15:26 CEST 2019}]
2019-05-07 16:37:59.276 [http-bio-8003-exec-1] DEBUG eu.hopu.activage.servlets.RecordServlet - Records retrieved → [RecordDto{id='4', elementId='deployment1', description='prueba3 updated', status='pending', type='note', timestamp='1557139164307'}, RecordDto{id='8', elementId='deployment1', description='asdsdf', status='pending', type='issue', timestamp='1557148518443'}, RecordDto{id='9', elementId='deployment1', description='asdsdfasf', status='completed', type='note', timestamp='1557148526917'}]
2019-05-07 16:37:59.284 [http-bio-8003-exec-2] DEBUG eu.hopu.activage.services.MaintenancePanelServiceImpl - Records retrieved → [Record{id='4', elementId='deployment1', description='prueba3 updated', recordStatus=RecordStatus{status='pending'}, recordType=RecordType{type='note'}, timestamp=Mon May 06 12:39:24 CEST 2019}, Record{id='8', elementId='deployment1', description='asdsdf', recordStatus=RecordStatus{status='pending'}, recordType=RecordType{type='issue'}, timestamp=Mon May 06 15:15:18 CEST 2019}, Record{id='9', elementId='deployment1', description='asdsdfasf', recordStatus=RecordStatus{status='completed'}, recordType=RecordType{type='note'}, timestamp=Mon May 06 15:15:26 CEST 2019}]
2019-05-07 16:37:59.285 [http-bio-8003-exec-2] DEBUG eu.hopu.activage.servlets.RecordServlet - Records retrieved → [RecordDto{id='4', elementId='deployment1', description='prueba3 updated', status='pending', type='note', timestamp='1557139164307'}, RecordDto{id='8', elementId='deployment1', description='asdsdf', status='pending', type='issue', timestamp='1557148518443'}, RecordDto{id='9', elementId='deployment1', description='asdsdfasf', status='completed', type='note', timestamp='1557148526917'}]
2019-05-07 16:38:16.095 [http-bio-8003-exec-4] INFO  eu.hopu.activage.servlets.RecordServlet - List records by element with id → deployment1
2019-05-07 16:38:16.210 [http-bio-8003-exec-4] INFO  eu.hopu.activage.services.MaintenancePanelServiceImpl - Retrieving records → deployment1
2019-05-07 16:38:17.639 [http-bio-8003-exec-4] DEBUG eu.hopu.activage.services.MaintenancePanelServiceImpl - Records retrieved → [Record{id='4', elementId='deployment1', description='prueba3 updated', recordStatus=RecordStatus{status='pending'}, recordType=RecordType{type='note'}, timestamp=Mon May 06 12:39:24 CEST 2019}, Record{id='8', elementId='deployment1', description='asdsdf', recordStatus=RecordStatus{status='pending'}, recordType=RecordType{type='issue'}, timestamp=Mon May 06 15:15:18 CEST 2019}, Record{id='9', elementId='deployment1', description='asdsdfasf', recordStatus=RecordStatus{status='completed'}, recordType=RecordType{type='note'}, timestamp=Mon May 06 15:15:26 CEST 2019}]
2019-05-07 16:38:17.640 [http-bio-8003-exec-4] DEBUG eu.hopu.activage.servlets.RecordServlet - Records retrieved → [RecordDto{id='4', elementId='deployment1', description='prueba3 updated', status='pending', type='note', timestamp='1557139164307'}, RecordDto{id='8', elementId='deployment1', description='asdsdf', status='pending', type='issue', timestamp='1557148518443'}, RecordDto{id='9', elementId='deployment1', description='asdsdfasf', status='completed', type='note', timestamp='1557148526917'}]
2019-05-07 16:45:51.322 [http-bio-8003-exec-6] INFO  eu.hopu.activage.servlets.RecordServlet - List records by element with id → deployment1
2019-05-07 16:45:51.374 [http-bio-8003-exec-6] INFO  eu.hopu.activage.services.MaintenancePanelServiceImpl - Retrieving records → deployment1
2019-05-07 16:45:51.493 [http-bio-8003-exec-6] DEBUG eu.hopu.activage.services.MaintenancePanelServiceImpl - Records retrieved → [Record{id='4', elementId='deployment1', description='prueba3 updated', recordStatus=RecordStatus{status='pending'}, recordType=RecordType{type='note'}, timestamp=Mon May 06 12:39:24 CEST 2019}, Record{id='8', elementId='deployment1', description='asdsdf', recordStatus=RecordStatus{status='pending'}, recordType=RecordType{type='issue'}, timestamp=Mon May 06 15:15:18 CEST 2019}, Record{id='9', elementId='deployment1', description='asdsdfasf', recordStatus=RecordStatus{status='completed'}, recordType=RecordType{type='note'}, timestamp=Mon May 06 15:15:26 CEST 2019}]
2019-05-07 16:45:51.494 [http-bio-8003-exec-6] DEBUG eu.hopu.activage.servlets.RecordServlet - Records retrieved → [RecordDto{id='4', elementId='deployment1', description='prueba3 updated', status='pending', type='note', timestamp='1557139164307'}, RecordDto{id='8', elementId='deployment1', description='asdsdf', status='pending', type='issue', timestamp='1557148518443'}, RecordDto{id='9', elementId='deployment1', description='asdsdfasf', status='completed', type='note', timestamp='1557148526917'}]
2019-05-07 16:48:33.934 [http-bio-8003-exec-9] INFO  eu.hopu.activage.servlets.RecordServlet - Updating record → RecordDto{id='4', elementId='deployment1', description='test of ticket', status='PENDING', type='ISSUE', timestamp='1557139164307'}
2019-05-07 16:48:33.945 [http-bio-8003-exec-9] INFO  eu.hopu.activage.services.MaintenancePanelServiceImpl - Updating record → 4:deployment1:test of ticket:PENDING:ISSUE
2019-05-07 16:48:34.394 [http-bio-8003-exec-9] INFO  eu.hopu.activage.persistence.PostgresStorage - Record{id='4', elementId='deployment1', description='test of ticket', recordStatus=RecordStatus{status='pending'}, recordType=RecordType{type='issue'}, timestamp=Tue May 07 16:48:33 CEST 2019} record updated
2019-05-07 16:48:34.399 [http-bio-8003-exec-9] DEBUG eu.hopu.activage.services.MaintenancePanelServiceImpl - Record updated → Record{id='4', elementId='deployment1', description='test of ticket', recordStatus=RecordStatus{status='pending'}, recordType=RecordType{type='issue'}, timestamp=Tue May 07 16:48:33 CEST 2019}
2019-05-07 16:48:34.400 [http-bio-8003-exec-9] DEBUG eu.hopu.activage.servlets.RecordServlet - Record updated → RecordDto{id='4', elementId='deployment1', description='test of ticket', status='pending', type='issue', timestamp='1557240513984'}
2019-05-07 16:48:35.722 [http-bio-8003-exec-10] INFO  eu.hopu.activage.servlets.RecordServlet - List records by element with id → deployment1
2019-05-07 16:48:35.722 [http-bio-8003-exec-10] INFO  eu.hopu.activage.services.MaintenancePanelServiceImpl - Retrieving records → deployment1
2019-05-07 16:48:35.733 [http-bio-8003-exec-10] DEBUG eu.hopu.activage.services.MaintenancePanelServiceImpl - Records retrieved → [Record{id='8', elementId='deployment1', description='asdsdf', recordStatus=RecordStatus{status='pending'}, recordType=RecordType{type='issue'}, timestamp=Mon May 06 15:15:18 CEST 2019}, Record{id='9', elementId='deployment1', description='asdsdfasf', recordStatus=RecordStatus{status='completed'}, recordType=RecordType{type='note'}, timestamp=Mon May 06 15:15:26 CEST 2019}, Record{id='4', elementId='deployment1', description='test of ticket', recordStatus=RecordStatus{status='pending'}, recordType=RecordType{type='issue'}, timestamp=Tue May 07 16:48:33 CEST 2019}]
2019-05-07 16:48:35.734 [http-bio-8003-exec-10] DEBUG eu.hopu.activage.servlets.RecordServlet - Records retrieved → [RecordDto{id='8', elementId='deployment1', description='asdsdf', status='pending', type='issue', timestamp='1557148518443'}, RecordDto{id='9', elementId='deployment1', description='asdsdfasf', status='completed', type='note', timestamp='1557148526917'}, RecordDto{id='4', elementId='deployment1', description='test of ticket', status='pending', type='issue', timestamp='1557240513984'}]
2019-05-07 16:48:38.949 [http-bio-8003-exec-2] INFO  eu.hopu.activage.servlets.RecordServlet - Removing record → 8:deployment1
2019-05-07 16:48:38.950 [http-bio-8003-exec-2] INFO  eu.hopu.activage.services.MaintenancePanelServiceImpl - Delete record → 8:deployment1
2019-05-07 16:48:39.064 [http-bio-8003-exec-2] INFO  eu.hopu.activage.persistence.PostgresStorage - deployment1:8 record deleted
2019-05-07 16:48:39.065 [http-bio-8003-exec-2] DEBUG eu.hopu.activage.services.MaintenancePanelServiceImpl - Record deleted → deployment1:8
2019-05-07 16:48:39.065 [http-bio-8003-exec-2] DEBUG eu.hopu.activage.servlets.RecordServlet - Record removed → 8:deployment1
2019-05-07 16:48:40.118 [http-bio-8003-exec-4] INFO  eu.hopu.activage.servlets.RecordServlet - Removing record → 9:deployment1
2019-05-07 16:48:40.118 [http-bio-8003-exec-4] INFO  eu.hopu.activage.services.MaintenancePanelServiceImpl - Delete record → 9:deployment1
2019-05-07 16:48:40.191 [http-bio-8003-exec-4] INFO  eu.hopu.activage.persistence.PostgresStorage - deployment1:9 record deleted
2019-05-07 16:48:40.192 [http-bio-8003-exec-4] DEBUG eu.hopu.activage.services.MaintenancePanelServiceImpl - Record deleted → deployment1:9
2019-05-07 16:48:40.193 [http-bio-8003-exec-4] DEBUG eu.hopu.activage.servlets.RecordServlet - Record removed → 9:deployment1
2019-05-07 16:52:31.595 [http-bio-8003-exec-6] INFO  eu.hopu.activage.servlets.RecordServlet - List records by element with id → deployment2
2019-05-07 16:52:31.596 [http-bio-8003-exec-6] INFO  eu.hopu.activage.services.MaintenancePanelServiceImpl - Retrieving records → deployment2
2019-05-07 16:52:31.641 [http-bio-8003-exec-6] DEBUG eu.hopu.activage.services.MaintenancePanelServiceImpl - Records retrieved → [Record{id='11', elementId='deployment2', description='hgjfk', recordStatus=RecordStatus{status='pending'}, recordType=RecordType{type='note'}, timestamp=Mon May 06 15:16:31 CEST 2019}]
2019-05-07 16:52:31.642 [http-bio-8003-exec-6] DEBUG eu.hopu.activage.servlets.RecordServlet - Records retrieved → [RecordDto{id='11', elementId='deployment2', description='hgjfk', status='pending', type='note', timestamp='1557148591002'}]
2019-05-07 16:52:32.284 [http-bio-8003-exec-7] INFO  eu.hopu.activage.servlets.RecordServlet - List records by element with id → deployment1
2019-05-07 16:52:32.284 [http-bio-8003-exec-7] INFO  eu.hopu.activage.services.MaintenancePanelServiceImpl - Retrieving records → deployment1
2019-05-07 16:52:32.294 [http-bio-8003-exec-7] DEBUG eu.hopu.activage.services.MaintenancePanelServiceImpl - Records retrieved → [Record{id='4', elementId='deployment1', description='test of ticket', recordStatus=RecordStatus{status='pending'}, recordType=RecordType{type='issue'}, timestamp=Tue May 07 16:48:33 CEST 2019}]
2019-05-07 16:52:32.295 [http-bio-8003-exec-7] DEBUG eu.hopu.activage.servlets.RecordServlet - Records retrieved → [RecordDto{id='4', elementId='deployment1', description='test of ticket', status='pending', type='issue', timestamp='1557240513984'}]
2019-05-07 16:52:35.472 [http-bio-8003-exec-7] INFO  eu.hopu.activage.servlets.RecordServlet - List records by element with id → deployment1
2019-05-07 16:52:35.474 [http-bio-8003-exec-7] INFO  eu.hopu.activage.services.MaintenancePanelServiceImpl - Retrieving records → deployment1
2019-05-07 16:52:35.484 [http-bio-8003-exec-7] DEBUG eu.hopu.activage.services.MaintenancePanelServiceImpl - Records retrieved → [Record{id='4', elementId='deployment1', description='test of ticket', recordStatus=RecordStatus{status='pending'}, recordType=RecordType{type='issue'}, timestamp=Tue May 07 16:48:33 CEST 2019}]
2019-05-07 16:52:35.485 [http-bio-8003-exec-7] DEBUG eu.hopu.activage.servlets.RecordServlet - Records retrieved → [RecordDto{id='4', elementId='deployment1', description='test of ticket', status='pending', type='issue', timestamp='1557240513984'}]
2019-05-07 16:52:36.192 [http-bio-8003-exec-9] INFO  eu.hopu.activage.servlets.RecordServlet - List records by element with id → Device1_2
2019-05-07 16:52:36.192 [http-bio-8003-exec-9] INFO  eu.hopu.activage.services.MaintenancePanelServiceImpl - Retrieving records → Device1_2
2019-05-07 16:52:36.203 [http-bio-8003-exec-9] DEBUG eu.hopu.activage.services.MaintenancePanelServiceImpl - Records retrieved → []
2019-05-07 16:52:36.203 [http-bio-8003-exec-9] DEBUG eu.hopu.activage.servlets.RecordServlet - Records retrieved → []
2019-05-07 16:52:36.870 [http-bio-8003-exec-1] INFO  eu.hopu.activage.servlets.RecordServlet - List records by element with id → deployment3
2019-05-07 16:52:36.871 [http-bio-8003-exec-1] INFO  eu.hopu.activage.services.MaintenancePanelServiceImpl - Retrieving records → deployment3
2019-05-07 16:52:36.880 [http-bio-8003-exec-1] DEBUG eu.hopu.activage.services.MaintenancePanelServiceImpl - Records retrieved → [Record{id='7', elementId='deployment3', description='pruebita', recordStatus=RecordStatus{status='pending'}, recordType=RecordType{type='todo'}, timestamp=Mon May 06 14:25:34 CEST 2019}]
2019-05-07 16:52:36.881 [http-bio-8003-exec-1] DEBUG eu.hopu.activage.servlets.RecordServlet - Records retrieved → [RecordDto{id='7', elementId='deployment3', description='pruebita', status='pending', type='todo', timestamp='1557145534888'}]
2019-05-07 16:52:37.377 [http-bio-8003-exec-1] INFO  eu.hopu.activage.servlets.RecordServlet - List records by element with id → deployment1
2019-05-07 16:52:37.378 [http-bio-8003-exec-1] INFO  eu.hopu.activage.services.MaintenancePanelServiceImpl - Retrieving records → deployment1
2019-05-07 16:52:37.401 [http-bio-8003-exec-1] DEBUG eu.hopu.activage.services.MaintenancePanelServiceImpl - Records retrieved → [Record{id='4', elementId='deployment1', description='test of ticket', recordStatus=RecordStatus{status='pending'}, recordType=RecordType{type='issue'}, timestamp=Tue May 07 16:48:33 CEST 2019}]
2019-05-07 16:52:37.402 [http-bio-8003-exec-1] DEBUG eu.hopu.activage.servlets.RecordServlet - Records retrieved → [RecordDto{id='4', elementId='deployment1', description='test of ticket', status='pending', type='issue', timestamp='1557240513984'}]
